TN:
SF:src\App.jsx
FN:7,App
FNF:1
FNH:0
FNDA:0,App
DA:8,0
LF:1
LH:0
BRF:0
BRH:0
end_of_record
TN:
SF:src\main.jsx
FNF:0
FNH:0
DA:7,0
LF:1
LH:0
BRF:0
BRH:0
end_of_record
TN:
SF:src\Component\Dashboard.jsx
FN:6,(anonymous_0)
FN:7,(anonymous_1)
FN:14,(anonymous_2)
FN:27,(anonymous_3)
FN:31,(anonymous_4)
FN:45,(anonymous_5)
FN:49,(anonymous_6)
FN:53,(anonymous_7)
FN:57,(anonymous_8)
FN:61,(anonymous_9)
FN:70,(anonymous_10)
FN:71,(anonymous_11)
FN:81,(anonymous_12)
FN:85,(anonymous_13)
FN:89,(anonymous_14)
FN:91,(anonymous_15)
FN:162,(anonymous_16)
FN:172,(anonymous_17)
FN:178,(anonymous_18)
FN:193,(anonymous_19)
FN:200,(anonymous_20)
FN:229,(anonymous_21)
FNF:22
FNH:19
FNDA:1,(anonymous_0)
FNDA:9,(anonymous_1)
FNDA:9,(anonymous_2)
FNDA:9,(anonymous_3)
FNDA:9,(anonymous_4)
FNDA:1,(anonymous_5)
FNDA:1,(anonymous_6)
FNDA:0,(anonymous_7)
FNDA:2,(anonymous_8)
FNDA:2,(anonymous_9)
FNDA:1,(anonymous_10)
FNDA:1,(anonymous_11)
FNDA:1,(anonymous_12)
FNDA:1,(anonymous_13)
FNDA:30,(anonymous_14)
FNDA:12,(anonymous_15)
FNDA:11,(anonymous_16)
FNDA:0,(anonymous_17)
FNDA:11,(anonymous_18)
FNDA:1,(anonymous_19)
FNDA:2,(anonymous_20)
FNDA:0,(anonymous_21)
DA:6,1
DA:7,1
DA:8,9
DA:9,9
DA:15,9
DA:16,9
DA:28,9
DA:31,9
DA:32,9
DA:33,9
DA:34,9
DA:35,7
DA:36,0
DA:38,7
DA:39,7
DA:41,1
DA:45,9
DA:46,1
DA:49,9
DA:50,1
DA:53,9
DA:54,0
DA:57,9
DA:58,2
DA:61,9
DA:62,2
DA:63,2
DA:64,2
DA:67,1
DA:68,0
DA:70,1
DA:71,1
DA:74,1
DA:75,1
DA:77,1
DA:81,9
DA:82,1
DA:85,9
DA:86,1
DA:90,30
DA:91,30
DA:92,12
DA:95,30
DA:163,11
DA:172,0
DA:179,11
DA:193,1
DA:200,2
DA:229,0
LF:49
LH:44
BRDA:35,0,0,0
BRDA:35,0,1,7
BRDA:67,1,0,0
BRDA:67,1,1,1
BRDA:104,2,0,28
BRDA:104,2,1,2
BRDA:149,3,0,9
BRDA:149,3,1,21
BRDA:155,4,0,1
BRDA:155,4,1,20
BRDA:161,5,0,9
BRDA:161,5,1,11
BRDA:165,6,0,9
BRDA:165,6,1,2
BRDA:222,7,0,30
BRDA:222,7,1,2
BRF:16
BRH:14
end_of_record
TN:
SF:src\Component\Header.jsx
FN:6,(anonymous_0)
FN:12,(anonymous_1)
FN:16,(anonymous_2)
FNF:3
FNH:3
FNDA:44,(anonymous_0)
FNDA:2,(anonymous_1)
FNDA:1,(anonymous_2)
DA:6,2
DA:7,44
DA:8,44
DA:9,44
DA:12,44
DA:13,2
DA:16,44
DA:17,1
DA:18,1
DA:19,1
DA:22,44
LF:11
LH:11
BRDA:34,0,0,44
BRDA:34,0,1,4
BRDA:50,1,0,4
BRDA:50,1,1,2
BRF:4
BRH:4
end_of_record
TN:
SF:src\Component\Login.jsx
FN:9,(anonymous_0)
FN:12,(anonymous_1)
FN:32,(anonymous_2)
FNF:3
FNH:2
FNDA:2,(anonymous_0)
FNDA:1,(anonymous_1)
FNDA:0,(anonymous_2)
DA:7,1
DA:9,1
DA:10,2
DA:12,2
DA:13,1
DA:14,1
DA:15,1
DA:17,1
DA:18,1
DA:20,1
DA:23,2
DA:32,0
LF:12
LH:11
BRDA:15,0,0,1
BRDA:15,0,1,0
BRDA:15,0,2,0
BRF:3
BRH:1
end_of_record
TN:
SF:src\Component\Registration.jsx
FN:11,(anonymous_0)
FN:12,(anonymous_1)
FN:20,(anonymous_2)
FN:38,(anonymous_3)
FN:59,(anonymous_4)
FN:79,(anonymous_5)
FN:95,(anonymous_6)
FN:98,(anonymous_7)
FN:101,(anonymous_8)
FN:108,(anonymous_9)
FN:113,(anonymous_10)
FN:167,(anonymous_11)
FN:197,(anonymous_12)
FN:219,(anonymous_13)
FN:251,(anonymous_14)
FN:270,(anonymous_15)
FN:288,(anonymous_16)
FN:303,(anonymous_17)
FN:331,(anonymous_18)
FN:341,(anonymous_19)
FN:365,(anonymous_20)
FNF:21
FNH:19
FNDA:1,(anonymous_0)
FNDA:6,(anonymous_1)
FNDA:6,(anonymous_2)
FNDA:6,(anonymous_3)
FNDA:2,(anonymous_4)
FNDA:2,(anonymous_5)
FNDA:23,(anonymous_6)
FNDA:3,(anonymous_7)
FNDA:0,(anonymous_8)
FNDA:68,(anonymous_9)
FNDA:34,(anonymous_10)
FNDA:136,(anonymous_11)
FNDA:68,(anonymous_12)
FNDA:170,(anonymous_13)
FNDA:102,(anonymous_14)
FNDA:1054,(anonymous_15)
FNDA:408,(anonymous_16)
FNDA:170,(anonymous_17)
FNDA:1,(anonymous_18)
FNDA:2,(anonymous_19)
FNDA:0,(anonymous_20)
DA:11,1
DA:12,1
DA:13,6
DA:14,6
DA:15,6
DA:21,6
DA:22,6
DA:39,6
DA:40,6
DA:41,1
DA:42,1
DA:43,1
DA:59,6
DA:60,2
DA:61,2
DA:63,2
DA:64,2
DA:66,2
DA:67,2
DA:68,0
DA:70,2
DA:72,1
DA:73,1
DA:75,1
DA:79,6
DA:80,2
DA:95,6
DA:96,23
DA:97,23
DA:98,3
DA:101,0
DA:104,20
DA:108,6
DA:109,68
DA:110,6
DA:114,34
DA:116,34
DA:168,136
DA:198,68
DA:220,170
DA:252,102
DA:271,1054
DA:289,408
DA:304,170
DA:331,1
DA:341,2
DA:365,0
DA:386,1
LF:48
LH:45
BRDA:40,0,0,1
BRDA:40,0,1,5
BRDA:40,1,0,6
BRDA:40,1,1,1
BRDA:40,1,2,1
BRDA:53,2,0,1
BRDA:53,2,1,0
BRDA:67,3,0,0
BRDA:67,3,1,2
BRDA:97,4,0,3
BRDA:97,4,1,20
BRDA:99,5,0,3
BRDA:99,5,1,0
BRDA:109,6,0,62
BRDA:109,6,1,6
BRDA:127,7,0,1
BRDA:127,7,1,33
BRDA:321,8,0,0
BRDA:321,8,1,34
BRDA:343,9,0,1
BRDA:343,9,1,33
BRDA:358,10,0,34
BRDA:358,10,1,3
BRDA:362,11,0,0
BRDA:362,11,1,3
BRDA:374,12,0,0
BRDA:374,12,1,3
BRF:27
BRH:21
end_of_record
